E:\Projects\MVC-Angular\SportsStore\dist\out-tsc\ClientApp\app\models\supplier.model.js
E:\Projects\MVC-Angular\SportsStore\dist\out-tsc\ClientApp\app\models\supplier.model.js.map
E:\Projects\MVC-Angular\SportsStore\dist\out-tsc\ClientApp\app\models\rating.model.js
E:\Projects\MVC-Angular\SportsStore\dist\out-tsc\ClientApp\app\models\rating.model.js.map
E:\Projects\MVC-Angular\SportsStore\dist\out-tsc\ClientApp\app\models\product.model.js
E:\Projects\MVC-Angular\SportsStore\dist\out-tsc\ClientApp\app\models\product.model.js.map
E:\Projects\MVC-Angular\SportsStore\dist\out-tsc\ClientApp\app\models\repository.js
E:\Projects\MVC-Angular\SportsStore\dist\out-tsc\ClientApp\app\models\repository.js.map
E:\Projects\MVC-Angular\SportsStore\dist\out-tsc\ClientApp\app\app.component.js
E:\Projects\MVC-Angular\SportsStore\dist\out-tsc\ClientApp\app\app.component.js.map
E:\Projects\MVC-Angular\SportsStore\dist\out-tsc\ClientApp\app\models\model.module.js
E:\Projects\MVC-Angular\SportsStore\dist\out-tsc\ClientApp\app\models\model.module.js.map
E:\Projects\MVC-Angular\SportsStore\dist\out-tsc\ClientApp\app\app.module.js
E:\Projects\MVC-Angular\SportsStore\dist\out-tsc\ClientApp\app\app.module.js.map
E:\Projects\MVC-Angular\SportsStore\dist\out-tsc\ClientApp\boot.js
E:\Projects\MVC-Angular\SportsStore\dist\out-tsc\ClientApp\boot.js.map
E:\Projects\MVC-Angular\SportsStore\dist\out-tsc\ClientApp\environments\environment.js
E:\Projects\MVC-Angular\SportsStore\dist\out-tsc\ClientApp\environments\environment.js.map
E:\Projects\MVC-Angular\SportsStore\dist\out-tsc\ClientApp\main.js
E:\Projects\MVC-Angular\SportsStore\dist\out-tsc\ClientApp\main.js.map
E:\Projects\MVC-Angular\SportsStore\dist\out-tsc\ClientApp\polyfills.js
E:\Projects\MVC-Angular\SportsStore\dist\out-tsc\ClientApp\polyfills.js.map
E:\Projects\MVC-Angular\SportsStore\dist\out-tsc\ClientApp\test.js
E:\Projects\MVC-Angular\SportsStore\dist\out-tsc\ClientApp\test.js.map
E:\Projects\MVC-Angular\SportsStore\dist\out-tsc\e2e\app.po.js
E:\Projects\MVC-Angular\SportsStore\dist\out-tsc\e2e\app.po.js.map
E:\Projects\MVC-Angular\SportsStore\dist\out-tsc\e2e\app.e2e-spec.js
E:\Projects\MVC-Angular\SportsStore\dist\out-tsc\e2e\app.e2e-spec.js.map
E:\Projects\MVC-Angular\SportsStore\dist\out-tsc\ClientApp\environments\environment.prod.js
E:\Projects\MVC-Angular\SportsStore\dist\out-tsc\ClientApp\environments\environment.prod.js.map
